\BOOKMARK [0][-]{chapter*.3}{Resumento.44em.}{}% 1
\BOOKMARK [0][-]{section*.6}{Lista de figurasto.44em.}{}% 2
\BOOKMARK [0][-]{section*.8}{Lista de tablasto.44em.}{}% 3
\BOOKMARK [0][-]{section*.10}{Introduccionto.44em.}{}% 4
\BOOKMARK [0][-]{chapter.1}{Nombre del capitulo}{}% 5
\BOOKMARK [1][-]{section.1.1}{Subt\355tulos nivel 2}{chapter.1}% 6
\BOOKMARK [2][-]{subsection.1.1.1}{Subt\355tulos nivel 3}{section.1.1}% 7
\BOOKMARK [0][-]{chapter.2}{}{}% 8
\BOOKMARK [1][-]{section.2.1}{Ejemplos de citaciones bibliogr\341ficas}{chapter.2}% 9
\BOOKMARK [1][-]{section.2.2}{Ejemplos de presentaci\363n y citaci\363n de figuras}{chapter.2}% 10
\BOOKMARK [1][-]{section.2.3}{Citaci\363n de tablas y cuadros}{chapter.2}% 11
\BOOKMARK [2][-]{subsection.2.3.1}{Consideraciones adicionales para el manejo de figuras y tablas}{section.2.3}% 12
\BOOKMARK [0][-]{chapter.3}{capitulo 3}{}% 13
\BOOKMARK [0][-]{chapter.4}{Capitulo 4}{}% 14
\BOOKMARK [0][-]{chapter.5}{Conclusiones y Recomendaciones}{}% 15
\BOOKMARK [1][-]{section.5.1}{Conclusiones}{chapter.5}% 16
\BOOKMARK [1][-]{section.5.2}{Recomendaciones}{chapter.5}% 17
\BOOKMARK [1][-]{section.5.3}{bibliografia}{chapter.5}% 18
\BOOKMARK [0][-]{chapter*.16}{Bibliografiato.44em.}{}% 19
\BOOKMARK [0][-]{appendix.Alph1}{Anexo: Nombrar el anexo A de acuerdo con su contenido}{}% 20
\BOOKMARK [0][-]{appendix.Alph2}{Anexo: Nombrar el anexo B de acuerdo con su contenido}{}% 21
\BOOKMARK [0][-]{appendix.Alph3}{Anexo: Nombrar el anexo C de acuerdo con su contenido}{}% 22
